<?xml version="1.0" encoding="UTF-8"?>
<!-- Generated by org.testng.reporters.JUnitXMLReporter -->
<testsuite ignored="0" hostname="Deepas-MacBook-Pro.local" failures="0" tests="2" name="Surefire test" time="0.089" errors="0" timestamp="2021-11-18T15:13:31 IST">
  <testcase classname="Vapasi.AppTest" name="SearchItemList on SearchItemList(Vapasi.AppTest)" time="0.022"/>
  <testcase classname="Vapasi.AppTest" name="LoginTestSample on LoginTestSample(Vapasi.AppTest)" time="0.043"/>
</testsuite> <!-- Surefire test -->
