<?xml version="1.0" encoding="UTF-8"?>
<testng-results ignored="0" total="2" passed="2" failed="0" skipped="0">
  <reporter-output>
  </reporter-output>
  <suite started-at="2021-11-18T15:13:30 IST" name="Surefire suite" finished-at="2021-11-18T15:13:30 IST" duration-ms="89">
    <groups>
    </groups>
    <test started-at="2021-11-18T15:13:30 IST" name="Surefire test" finished-at="2021-11-18T15:13:30 IST" duration-ms="89">
      <class name="Vapasi.AppTest">
        <test-method signature="SearchItemList()" started-at="2021-11-18T15:13:30 IST" name="SearchItemList" finished-at="2021-11-18T15:13:30 IST" duration-ms="22" status="PASS">
          <reporter-output>
          </reporter-output>
        </test-method> <!-- SearchItemList -->
        <test-method signature="LoginTestSample()" started-at="2021-11-18T15:13:30 IST" name="LoginTestSample" finished-at="2021-11-18T15:13:30 IST" duration-ms="43" status="PASS">
          <reporter-output>
          </reporter-output>
        </test-method> <!-- LoginTestSample -->
      </class> <!-- Vapasi.AppTest -->
    </test> <!-- Surefire test -->
  </suite> <!-- Surefire suite -->
</testng-results>
